<?xml version="1.0" encoding="UTF-8"?>
<!-- Generated by org.testng.reporters.JUnitXMLReporter -->
<testsuite hostname="PaperBoy" ignored="0" name="Command line test" tests="3" failures="0" timestamp="01 Jun 2019 11:39:25 GMT" time="47.329" errors="0">
  <testcase name="verify" time="16.221" classname="demo_TestCases.Test_001"/>
  <testcase name="verify" time="11.916" classname="demo_TestCases.Test_002"/>
  <testcase name="verify" time="5.448" classname="demo_TestCases.Test_003"/>
</testsuite> <!-- Command line test -->
