<?xml version="1.0" encoding="UTF-8"?>
<testng-results skipped="0" failed="0" ignored="0" total="3" passed="3">
  <reporter-output>
  </reporter-output>
  <suite name="Command line suite" duration-ms="47329" started-at="2019-06-01T11:38:37Z" finished-at="2019-06-01T11:39:24Z">
    <groups>
    </groups>
    <test name="Command line test" duration-ms="47329" started-at="2019-06-01T11:38:37Z" finished-at="2019-06-01T11:39:24Z">
      <class name="demo_TestCases.Test_001">
        <test-method status="PASS" signature="setProerty()[pri:0, instance:demo_TestCases.Test_001@573f2bb1]" name="setProerty" is-config="true" duration-ms="4235" started-at="2019-06-01T11:38:37Z" finished-at="2019-06-01T11:38:41Z">
          <reporter-output>
          </reporter-output>
        </test-method> <!-- setProerty -->
        <test-method status="PASS" signature="verify()[pri:0, instance:demo_TestCases.Test_001@573f2bb1]" name="verify" duration-ms="16221" started-at="2019-06-01T11:38:41Z" finished-at="2019-06-01T11:38:57Z">
          <reporter-output>
          </reporter-output>
        </test-method> <!-- verify -->
      </class> <!-- demo_TestCases.Test_001 -->
      <class name="demo_TestCases.Test_003">
        <test-method status="PASS" signature="setProerty()[pri:0, instance:demo_TestCases.Test_003@6d8a00e3]" name="setProerty" is-config="true" duration-ms="4166" started-at="2019-06-01T11:39:14Z" finished-at="2019-06-01T11:39:18Z">
          <reporter-output>
          </reporter-output>
        </test-method> <!-- setProerty -->
        <test-method status="PASS" signature="verify()[pri:0, instance:demo_TestCases.Test_003@6d8a00e3]" name="verify" duration-ms="5448" started-at="2019-06-01T11:39:18Z" finished-at="2019-06-01T11:39:24Z">
          <reporter-output>
          </reporter-output>
        </test-method> <!-- verify -->
      </class> <!-- demo_TestCases.Test_003 -->
      <class name="demo_TestCases.Test_002">
        <test-method status="PASS" signature="setProerty()[pri:0, instance:demo_TestCases.Test_002@5ae9a829]" name="setProerty" is-config="true" duration-ms="5299" started-at="2019-06-01T11:38:57Z" finished-at="2019-06-01T11:39:02Z">
          <reporter-output>
          </reporter-output>
        </test-method> <!-- setProerty -->
        <test-method status="PASS" signature="verify()[pri:0, instance:demo_TestCases.Test_002@5ae9a829]" name="verify" duration-ms="11916" started-at="2019-06-01T11:39:02Z" finished-at="2019-06-01T11:39:14Z">
          <reporter-output>
          </reporter-output>
        </test-method> <!-- verify -->
      </class> <!-- demo_TestCases.Test_002 -->
    </test> <!-- Command line test -->
  </suite> <!-- Command line suite -->
</testng-results>
