<?xml version="1.0" encoding="UTF-8"?>
<testng-results skipped="0" failed="0" ignored="0" total="1" passed="1">
  <reporter-output>
  </reporter-output>
  <suite name="Suite" duration-ms="19643" started-at="2019-06-01T10:04:51Z" finished-at="2019-06-01T10:05:11Z">
    <groups>
    </groups>
    <test name="Test" duration-ms="19643" started-at="2019-06-01T10:04:51Z" finished-at="2019-06-01T10:05:11Z">
      <class name="demo_TestCases.Test_001">
        <test-method status="PASS" signature="setProerty()[pri:0, instance:demo_TestCases.Test_001@4bec1f0c]" name="setProerty" is-config="true" duration-ms="3515" started-at="2019-06-01T10:04:51Z" finished-at="2019-06-01T10:04:55Z">
          <reporter-output>
          </reporter-output>
        </test-method> <!-- setProerty -->
        <test-method status="PASS" signature="verify()[pri:0, instance:demo_TestCases.Test_001@4bec1f0c]" name="verify" duration-ms="16074" started-at="2019-06-01T10:04:55Z" finished-at="2019-06-01T10:05:11Z">
          <reporter-output>
          </reporter-output>
        </test-method> <!-- verify -->
      </class> <!-- demo_TestCases.Test_001 -->
    </test> <!-- Test -->
  </suite> <!-- Suite -->
</testng-results>
